<?xml version="1.0" encoding="utf-8"?><testsuites name="pytest tests"><testsuite name="pytest" errors="0" failures="0" skipped="0" tests="15" time="1.643" timestamp="2026-08-12T07:29:35.672933+00:00" hostname="agent-env-110b5a7b-9c29-4225-95a8-e60bd0e62432"><testcase classname="backend.tests.backend_test.TestBasics" name="test_health" time="0.245" /><testcase classname="backend.tests.backend_test.TestBasics" name="test_config" time="0.049" /><testcase classname="backend.tests.backend_test.TestBasics" name="test_driver_me" time="0.044" /><testcase classname="backend.tests.backend_test.TestTrips" name="test_trips_ranges_monotonic" time="0.132" /><testcase classname="backend.tests.backend_test.TestTrips" name="test_trip_detail_and_404" time="0.168" /><testcase classname="backend.tests.backend_test.TestEarnings" name="test_summary[today]" time="0.043" /><testcase classname="backend.tests.backend_test.TestEarnings" name="test_summary[week]" time="0.044" /><testcase classname="backend.tests.backend_test.TestEarnings" name="test_summary[month]" time="0.045" /><testcase classname="backend.tests.backend_test.TestEarnings" name="test_summary[total]" time="0.046" /><testcase classname="backend.tests.backend_test.TestEarnings" name="test_series_week_not_500" time="0.082" /><testcase classname="backend.tests.backend_test.TestWallet" name="test_wallet" time="0.042" /><testcase classname="backend.tests.backend_test.TestWallet" name="test_transactions" time="0.044" /><testcase classname="backend.tests.backend_test.TestWallet" name="test_withdraw_too_much" time="0.084" /><testcase classname="backend.tests.backend_test.TestWallet" name="test_withdraw_success_reduces_balance" time="0.141" /><testcase classname="backend.tests.backend_test.TestDriveStop" name="test_drive_stop_creates_trip" time="0.311" /></testsuite></testsuites>