<?xml version="1.0" encoding="utf-8"?><testsuites name="pytest tests"><testsuite name="pytest" errors="0" failures="1" skipped="0" tests="60" time="19.900" timestamp="2026-08-12T12:42:38.905494+00:00" hostname="agent-env-110b5a7b-9c29-4225-95a8-e60bd0e62432"><testcase classname="tests.backend_test.TestAuth" name="test_register_success_returns_token_and_user" time="0.598" /><testcase classname="tests.backend_test.TestAuth" name="test_register_duplicate_email_400" time="0.340" /><testcase classname="tests.backend_test.TestAuth" name="test_register_short_password_422" time="0.056" /><testcase classname="tests.backend_test.TestAuth" name="test_login_demo_success" time="0.280" /><testcase classname="tests.backend_test.TestAuth" name="test_login_wrong_password_401" time="0.558" /><testcase classname="tests.backend_test.TestAuth" name="test_login_lockout_after_5_wrong_attempts" time="1.729" /><testcase classname="tests.backend_test.TestAuth" name="test_me_without_token_401" time="0.053" /><testcase classname="tests.backend_test.TestScoping" name="test_endpoints_require_bearer[/api/driver/me]" time="0.055" /><testcase classname="tests.backend_test.TestScoping" name="test_endpoints_require_bearer[/api/trips]" time="0.055" /><testcase classname="tests.backend_test.TestScoping" name="test_endpoints_require_bearer[/api/trips/anything]" time="0.056" /><testcase classname="tests.backend_test.TestScoping" name="test_endpoints_require_bearer[/api/earnings/summary]" time="0.054" /><testcase classname="tests.backend_test.TestScoping" name="test_endpoints_require_bearer[/api/earnings/series]" time="0.056" /><testcase classname="tests.backend_test.TestScoping" name="test_endpoints_require_bearer[/api/wallet]" time="0.057" /><testcase classname="tests.backend_test.TestScoping" name="test_endpoints_require_bearer[/api/wallet/transactions]" time="0.055" /><testcase classname="tests.backend_test.TestScoping" name="test_endpoints_require_bearer[/api/bank-accounts]" time="0.054" /><testcase classname="tests.backend_test.TestScoping" name="test_endpoints_require_bearer[/api/gamification]" time="0.181" /><testcase classname="tests.backend_test.TestScoping" name="test_post_endpoints_require_bearer[/api/wallet/withdraw-payload0]" time="0.054" /><testcase classname="tests.backend_test.TestScoping" name="test_post_endpoints_require_bearer[/api/drive/stop-payload1]" time="0.058" /><testcase classname="tests.backend_test.TestScoping" name="test_post_endpoints_require_bearer[/api/bank-accounts-payload2]" time="0.053" /><testcase classname="tests.backend_test.TestScoping" name="test_two_users_are_isolated" time="0.740" /><testcase classname="tests.backend_test.TestBasics" name="test_health" time="0.077" /><testcase classname="tests.backend_test.TestBasics" name="test_config_public_with_gamification_pieces" time="0.057" /><testcase classname="tests.backend_test.TestBasics" name="test_driver_me_includes_membership_and_bank" time="0.404" /><testcase classname="tests.backend_test.TestTrips" name="test_trip_ranges_monotonic_and_include_points" time="0.294" /><testcase classname="tests.backend_test.TestTrips" name="test_trip_404" time="0.057" /><testcase classname="tests.backend_test.TestEarnings" name="test_summary[today]" time="0.058" /><testcase classname="tests.backend_test.TestEarnings" name="test_summary[week]" time="0.057" /><testcase classname="tests.backend_test.TestEarnings" name="test_summary[month]" time="0.059" /><testcase classname="tests.backend_test.TestEarnings" name="test_summary[total]" time="0.059" /><testcase classname="tests.backend_test.TestEarnings" name="test_series_week" time="0.057" /><testcase classname="tests.backend_test.TestGamification" name="test_gamification_shape_and_first_drive_badge" time="0.060" /><testcase classname="tests.backend_test.TestBankAccounts" name="test_seeded_default_account" time="0.059" /><testcase classname="tests.backend_test.TestBankAccounts" name="test_add_edit_setdefault_delete_flow" time="0.735" /><testcase classname="tests.backend_test.TestBankAccounts" name="test_first_account_auto_default" time="0.449" /><testcase classname="tests.backend_test.TestWithdraw" name="test_wallet_shape" time="0.058" /><testcase classname="tests.backend_test.TestWithdraw" name="test_withdraw_too_much_400" time="0.113" /><testcase classname="tests.backend_test.TestWithdraw" name="test_withdraw_invalid_bank_400" time="0.345" /><testcase classname="tests.backend_test.TestWithdraw" name="test_withdraw_lifecycle_and_balance_debit" time="0.512" /><testcase classname="tests.backend_test.TestDriveStop" name="test_drive_stop_creates_trip_with_points" time="0.180" /><testcase classname="tests.backend_test.TestDocuments" name="test_list_documents_returns_three_empty_slots" time="0.343" /><testcase classname="tests.backend_test.TestDocuments" name="test_documents_require_bearer" time="0.058" /><testcase classname="tests.backend_test.TestDocuments" name="test_upload_invalid_type_400" time="0.491" /><testcase classname="tests.backend_test.TestDocuments" name="test_upload_non_image_pdf_400" time="0.502" /><testcase classname="tests.backend_test.TestDocuments" name="test_upload_flow_supersede_delete_and_file_serve" time="2.774" /><testcase classname="tests.backend_test.TestNotifications" name="test_seeded_demo_notifications" time="0.116" /><testcase classname="tests.backend_test.TestNotifications" name="test_fresh_user_seeded_with_four_notifications_two_unread" time="0.387"><failure message="AssertionError: assert 5 == 4&#10; +  where 5 = len([{'id': 'ff9394d4-2401-44b6-b7c9-c36311ddb135', 'user_id': '4b1924da-724a-4a80-a709-88c5c672a23d', 'type': 'earning', 'title': 'Hakedişin onaylandı', ...}, {'id': '1d08d682-eb8c-4684-9152-8706d1122f50', 'user_id': '4b1924da-724a-4a80-a709-88c5c672a23d', 'type': 'document', 'title': 'Belgelerini tamamla', ...}, {'id': '8dabc3d0-0cb5-4434-bfaf-1949bd63df96', 'user_id': '4b1924da-724a-4a80-a709-88c5c672a23d', 'type': 'approval', 'title': 'Aracın uygun', ...}, {'id': '6527beed-e70b-4390-b6df-4388049c4052', 'user_id': '4b1924da-724a-4a80-a709-88c5c672a23d', 'type': 'withdrawal', 'title': 'Çekimin tamamlandı', ...}, {'id': '049d316f-3be9-4a4a-9dba-b9be3429dfc0', 'user_id': '4b1924da-724a-4a80-a709-88c5c672a23d', 'type': 'info', 'title': 'Hoş geldin! 🎉', ...}])">tests/backend_test.py:527: in test_fresh_user_seeded_with_four_notifications_two_unread
    assert len(d["items"]) == 4
E   AssertionError: assert 5 == 4
E    +  where 5 = len([{'id': 'ff9394d4-2401-44b6-b7c9-c36311ddb135', 'user_id': '4b1924da-724a-4a80-a709-88c5c672a23d', 'type': 'earning', 'title': 'Hakedişin onaylandı', ...}, {'id': '1d08d682-eb8c-4684-9152-8706d1122f50', 'user_id': '4b1924da-724a-4a80-a709-88c5c672a23d', 'type': 'document', 'title': 'Belgelerini tamamla', ...}, {'id': '8dabc3d0-0cb5-4434-bfaf-1949bd63df96', 'user_id': '4b1924da-724a-4a80-a709-88c5c672a23d', 'type': 'approval', 'title': 'Aracın uygun', ...}, {'id': '6527beed-e70b-4390-b6df-4388049c4052', 'user_id': '4b1924da-724a-4a80-a709-88c5c672a23d', 'type': 'withdrawal', 'title': 'Çekimin tamamlandı', ...}, {'id': '049d316f-3be9-4a4a-9dba-b9be3429dfc0', 'user_id': '4b1924da-724a-4a80-a709-88c5c672a23d', 'type': 'info', 'title': 'Hoş geldin! 🎉', ...}])</failure></testcase><testcase classname="tests.backend_test.TestNotifications" name="test_drive_stop_creates_earning_notification" time="0.684" /><testcase classname="tests.backend_test.TestNotifications" name="test_withdraw_creates_withdrawal_notification" time="0.622" /><testcase classname="tests.backend_test.TestNotifications" name="test_document_upload_creates_notification" time="0.887" /><testcase classname="tests.backend_test.TestNotifications" name="test_read_all_and_read_single" time="1.191" /><testcase classname="tests.backend_test.TestNotifications" name="test_notifications_require_bearer" time="0.109" /><testcase classname="tests.backend_test.TestNotifications" name="test_fresh_user_has_document_reminder_notification" time="0.503" /><testcase classname="tests.backend_test.TestPush" name="test_public_key_no_auth" time="0.060" /><testcase classname="tests.backend_test.TestPush" name="test_subscribe_requires_auth" time="0.060" /><testcase classname="tests.backend_test.TestPush" name="test_unsubscribe_requires_auth" time="0.054" /><testcase classname="tests.backend_test.TestPush" name="test_test_requires_auth" time="0.056" /><testcase classname="tests.backend_test.TestPush" name="test_subscribe_upsert_and_unsubscribe" time="0.636" /><testcase classname="tests.backend_test.TestPush" name="test_push_test_creates_info_notification" time="0.700" /><testcase classname="tests.backend_test.TestPush" name="test_bogus_subscription_does_not_break_drive_stop" time="0.536" /><testcase classname="tests.backend_test.TestPush" name="test_notification_bodies_use_turkish_number_format" time="0.120" /></testsuite></testsuites>